INPUT FILES:
  Fock matrix = dim/A_B_60.fm
  Overlap matrix = dim/A_B_60.om
  Mon. A MOs = mon/A.mo
  Mon. A log = mon/A.log
  Mon. B MOs = mon/B_60.mo
  Mon. B log = mon/B_60.log

MONOMER A:
  No. of MOs = 46
  HOMO = 8 ; LUMO = 9

MONOMER B:
  No. of MOs = 46
  HOMO = 8 ; LUMO = 9

TRANSFER INTEGRAL:
  MO(A)  MO(B) 
  i      j           Sij    Ei [eV]    Ej [eV]  Jij [meV]  Ei_eff [eV]  Ej_eff [eV]  Jij_eff [meV]
  H      H      -0.01211   -7.52702   -7.43659    120.489     -7.52667     -7.43622         29.887
  H      L      -0.00000   -7.52702   -0.20788      0.000     -7.52702     -0.20788          0.000
  L      H      -0.00000   -0.31985   -7.43659      0.000     -0.31985     -7.43659          0.000
  L      L      -0.05310   -0.31985   -0.20788     91.286     -0.31581     -0.20368         77.492

