INPUT FILES:
  Fock matrix = dim/A_B_0.fm
  Overlap matrix = dim/A_B_0.om
  Mon. A MOs = mon/A.mo
  Mon. A log = mon/A.log
  Mon. B MOs = mon/B_0.mo
  Mon. B log = mon/B_0.log

MONOMER A:
  No. of MOs = 46
  HOMO = 8 ; LUMO = 9

MONOMER B:
  No. of MOs = 46
  HOMO = 8 ; LUMO = 9

TRANSFER INTEGRAL:
  MO(A)  MO(B)
  i      j           Sij    Ei [eV]    Ej [eV]  Jij [meV]  Ei_eff [eV]  Ej_eff [eV]  Jij_eff [meV]
  H-1    H-1     0.00082   -9.82493   -9.82493    -10.264     -9.82492     -9.82492         -2.223
  H-1    H      -0.00000   -9.82493   -7.43996      0.000     -9.82493     -7.43996          0.000
  H-1    L       0.00000   -9.82493   -0.22039     -0.000     -9.82493     -0.22039          0.000
  H      H-1    -0.00000   -7.43996   -9.82493      0.000     -7.43996     -9.82493          0.000
  H      H      -0.02422   -7.43996   -7.43996    236.467     -7.43860     -7.43860         56.306
  H      L      -0.00000   -7.43996   -0.22039      0.000     -7.43996     -0.22039         -0.000
  L      H-1    -0.00000   -0.22039   -9.82493      0.000     -0.22039     -9.82493         -0.000
  L      H      -0.00000   -0.22039   -7.43996      0.000     -0.22039     -7.43996          0.000
  L      L      -0.10621   -0.22039   -0.22039    164.697     -0.20521     -0.20521        142.901

