INPUT FILES:
  Fock matrix = dim/A_B_30.fm
  Overlap matrix = dim/A_B_30.om
  Mon. A MOs = mon/A.mo
  Mon. A log = mon/A.log
  Mon. B MOs = mon/B_30.mo
  Mon. B log = mon/B_30.log

MONOMER A:
  No. of MOs = 46
  HOMO = 8 ; LUMO = 9

MONOMER B:
  No. of MOs = 46
  HOMO = 8 ; LUMO = 9

TRANSFER INTEGRAL:
  MO(A)  MO(B) 
  i      j           Sij    Ei [eV]    Ej [eV]  Jij [meV]  Ei_eff [eV]  Ej_eff [eV]  Jij_eff [meV]
  H      H      -0.02098   -7.46685   -7.43911    205.995     -7.46582     -7.43807         49.688
  H      L      -0.00000   -7.46685   -0.21642      0.000     -7.46685     -0.21642          0.000
  L      H      -0.00000   -0.25063   -7.43911      0.000     -0.25063     -7.43911          0.000
  L      L      -0.09198   -0.25063   -0.21642    147.575     -0.23900     -0.20465        127.171

